Using pre-set license
Built from '2020.3/staging' branch; Version is '2020.3.5f1 (8095aa901b9b) revision 8426922'; Using compiler version '192528614'; Build Type 'Release'
OS: 'Windows 10 Home; OS build 19041.928; Version 2004; 64bit' Language: 'en' Physical Memory: 32675 MB
BatchMode: 1, IsHumanControllingUs: 0, StartBugReporterOnCrash: 0, Is64bit: 1, IsPro: 0

 COMMAND LINE ARGUMENTS:
C:\Program Files\Unity\Hub\Editor\2020.3.5f1\Editor\Unity.exe
-adb2
-batchMode
-noUpm
-name
AssetImportWorker0
-projectPath
E:/GameDev/Unity/Asteroids
-logFile
Logs/AssetImportWorker0.log
-srvPort
59053
Successfully changed project path to: E:/GameDev/Unity/Asteroids
E:/GameDev/Unity/Asteroids
Using Asset Import Pipeline V2.
Refreshing native plugins compatible for Editor in 75.71 ms, found 1 plugins.
Preloading 0 native plugins for Editor in 0.00 ms.
Initialize engine version: 2020.3.5f1 (8095aa901b9b)
[Subsystems] Discovering subsystems at path C:/Program Files/Unity/Hub/Editor/2020.3.5f1/Editor/Data/Resources/UnitySubsystems
[Subsystems] Discovering subsystems at path E:/GameDev/Unity/Asteroids/Assets
GfxDevice: creating device client; threaded=0
Direct3D:
    Version:  Direct3D 11.0 [level 11.1]
    Renderer: NVIDIA GeForce GTX TITAN X (ID=0x17c2)
    Vendor:   
    VRAM:     12238 MB
    Driver:   27.21.14.6589
Shader 'Universal Render Pipeline/Particles/Lit': fallback shader 'Universal Render Pipeline/Particles/SimpleLit' not found
Initialize mono
Mono path[0] = 'C:/Program Files/Unity/Hub/Editor/2020.3.5f1/Editor/Data/Managed'
Mono path[1] = 'C:/Program Files/Unity/Hub/Editor/2020.3.5f1/Editor/Data/MonoBleedingEdge/lib/mono/unityjit'
Mono config path = 'C:/Program Files/Unity/Hub/Editor/2020.3.5f1/Editor/Data/MonoBleedingEdge/etc'
Using monoOptions --debugger-agent=transport=dt_socket,embedding=1,server=y,suspend=n,address=127.0.0.1:56984
Begin MonoManager ReloadAssembly
Registering precompiled unity dll's ...
Register platform support module: C:/Program Files/Unity/Hub/Editor/2020.3.5f1/Editor/Data/PlaybackEngines/WindowsStandaloneSupport/UnityEditor.WindowsStandalone.Extensions.dll
Registered in 0.003670 seconds.
Native extension for WindowsStandalone target not found
Refreshing native plugins compatible for Editor in 66.96 ms, found 1 plugins.
Preloading 0 native plugins for Editor in 0.00 ms.
Mono: successfully reloaded assembly
- Completed reload, in  1.412 seconds
Platform modules already initialized, skipping
Registering precompiled user dll's ...
Registered in 0.002289 seconds.
Begin MonoManager ReloadAssembly
Native extension for WindowsStandalone target not found
Refreshing native plugins compatible for Editor in 70.97 ms, found 1 plugins.
Preloading 0 native plugins for Editor in 0.00 ms.
Mono: successfully reloaded assembly
- Completed reload, in  1.128 seconds
Platform modules already initialized, skipping
========================================================================
Worker process is ready to serve import requests
Shader 'Universal Render Pipeline/Particles/Lit': fallback shader 'Universal Render Pipeline/Particles/SimpleLit' not found
Launched and connected shader compiler UnityShaderCompiler.exe after 0.06 seconds
Refreshing native plugins compatible for Editor in 0.79 ms, found 1 plugins.
Preloading 0 native plugins for Editor in 0.00 ms.
Unloading 2980 Unused Serialized files (Serialized files now loaded: 0)
System memory in use before: 141.7 MB.
System memory in use after: 141.9 MB.

Unloading 20 unused Assets to reduce memory usage. Loaded Objects now: 3441.
Total: 2.636400 ms (FindLiveObjects: 0.280500 ms CreateObjectMapping: 0.138500 ms MarkObjects: 2.136800 ms  DeleteObjects: 0.079200 ms)

========================================================================
Received Import Request.
  path: Assets/Scripts/Ship.cs
  artifactKey: Guid(6f2e2f2fad1f4804e95f8ab0348528bc) Importer(815301076,1909f56bfc062723c751e8b465ee728b)
Start importing Assets/Scripts/Ship.cs using Guid(6f2e2f2fad1f4804e95f8ab0348528bc) Importer(815301076,1909f56bfc062723c751e8b465ee728b)  -> (artifact id: '6c22d5494978ad78195b88b89e4f5439') in 0.035529 seconds
  Import took 0.040687 seconds .

========================================================================
Received Import Request.
  Time since last request: 0.000203 seconds.
  path: Assets/Scripts/Bullet.cs
  artifactKey: Guid(df886bba4276b394a9d0affd04a748ab) Importer(815301076,1909f56bfc062723c751e8b465ee728b)
Start importing Assets/Scripts/Bullet.cs using Guid(df886bba4276b394a9d0affd04a748ab) Importer(815301076,1909f56bfc062723c751e8b465ee728b)  -> (artifact id: 'dcbeeb9ba688c9d0bf08376b1777aa29') in 0.002259 seconds
  Import took 0.007140 seconds .

========================================================================
Received Prepare
Registering precompiled user dll's ...
Registered in 0.002487 seconds.
Begin MonoManager ReloadAssembly
Native extension for WindowsStandalone target not found
Refreshing native plugins compatible for Editor in 0.82 ms, found 1 plugins.
Preloading 0 native plugins for Editor in 0.00 ms.
Mono: successfully reloaded assembly
- Completed reload, in  1.024 seconds
Platform modules already initialized, skipping
Shader 'Universal Render Pipeline/Particles/Lit': fallback shader 'Universal Render Pipeline/Particles/SimpleLit' not found
Refreshing native plugins compatible for Editor in 0.75 ms, found 1 plugins.
Preloading 0 native plugins for Editor in 0.00 ms.
Unloading 2850 Unused Serialized files (Serialized files now loaded: 0)
System memory in use before: 132.6 MB.
System memory in use after: 132.8 MB.

Unloading 9 unused Assets to reduce memory usage. Loaded Objects now: 3444.
Total: 2.305300 ms (FindLiveObjects: 0.255400 ms CreateObjectMapping: 0.133700 ms MarkObjects: 1.899000 ms  DeleteObjects: 0.016100 ms)

========================================================================
Received Prepare
Registering precompiled user dll's ...
Registered in 0.002787 seconds.
Begin MonoManager ReloadAssembly
Native extension for WindowsStandalone target not found
Refreshing native plugins compatible for Editor in 0.75 ms, found 1 plugins.
Preloading 0 native plugins for Editor in 0.00 ms.
Mono: successfully reloaded assembly
- Completed reload, in  1.046 seconds
Platform modules already initialized, skipping
Shader 'Universal Render Pipeline/Particles/Lit': fallback shader 'Universal Render Pipeline/Particles/SimpleLit' not found
Refreshing native plugins compatible for Editor in 0.75 ms, found 1 plugins.
Preloading 0 native plugins for Editor in 0.00 ms.
Unloading 2850 Unused Serialized files (Serialized files now loaded: 0)
System memory in use before: 132.7 MB.
System memory in use after: 132.9 MB.

Unloading 9 unused Assets to reduce memory usage. Loaded Objects now: 3447.
Total: 2.395500 ms (FindLiveObjects: 0.270300 ms CreateObjectMapping: 0.134900 ms MarkObjects: 1.970300 ms  DeleteObjects: 0.018800 ms)

========================================================================
Received Prepare
Registering precompiled user dll's ...
Registered in 0.002457 seconds.
Begin MonoManager ReloadAssembly
Native extension for WindowsStandalone target not found
Refreshing native plugins compatible for Editor in 0.74 ms, found 1 plugins.
Preloading 0 native plugins for Editor in 0.00 ms.
Mono: successfully reloaded assembly
- Completed reload, in  1.026 seconds
Platform modules already initialized, skipping
Shader 'Universal Render Pipeline/Particles/Lit': fallback shader 'Universal Render Pipeline/Particles/SimpleLit' not found
Refreshing native plugins compatible for Editor in 0.75 ms, found 1 plugins.
Preloading 0 native plugins for Editor in 0.00 ms.
Unloading 2850 Unused Serialized files (Serialized files now loaded: 0)
System memory in use before: 132.7 MB.
System memory in use after: 132.9 MB.

Unloading 9 unused Assets to reduce memory usage. Loaded Objects now: 3450.
Total: 2.363300 ms (FindLiveObjects: 0.247400 ms CreateObjectMapping: 0.130200 ms MarkObjects: 1.969000 ms  DeleteObjects: 0.015800 ms)

========================================================================
Received Prepare
Registering precompiled user dll's ...
Registered in 0.002467 seconds.
Begin MonoManager ReloadAssembly
Native extension for WindowsStandalone target not found
Refreshing native plugins compatible for Editor in 0.76 ms, found 1 plugins.
Preloading 0 native plugins for Editor in 0.00 ms.
Mono: successfully reloaded assembly
- Completed reload, in  1.035 seconds
Platform modules already initialized, skipping
Shader 'Universal Render Pipeline/Particles/Lit': fallback shader 'Universal Render Pipeline/Particles/SimpleLit' not found
Refreshing native plugins compatible for Editor in 0.86 ms, found 1 plugins.
Preloading 0 native plugins for Editor in 0.00 ms.
Unloading 2850 Unused Serialized files (Serialized files now loaded: 0)
System memory in use before: 132.7 MB.
System memory in use after: 132.9 MB.

Unloading 9 unused Assets to reduce memory usage. Loaded Objects now: 3453.
Total: 2.352700 ms (FindLiveObjects: 0.258000 ms CreateObjectMapping: 0.128200 ms MarkObjects: 1.950300 ms  DeleteObjects: 0.015200 ms)

========================================================================
Received Prepare
Registering precompiled user dll's ...
Registered in 0.002508 seconds.
Begin MonoManager ReloadAssembly
Native extension for WindowsStandalone target not found
Refreshing native plugins compatible for Editor in 0.74 ms, found 1 plugins.
Preloading 0 native plugins for Editor in 0.00 ms.
Mono: successfully reloaded assembly
- Completed reload, in  1.008 seconds
Platform modules already initialized, skipping
Shader 'Universal Render Pipeline/Particles/Lit': fallback shader 'Universal Render Pipeline/Particles/SimpleLit' not found
Refreshing native plugins compatible for Editor in 0.74 ms, found 1 plugins.
Preloading 0 native plugins for Editor in 0.00 ms.
Unloading 2850 Unused Serialized files (Serialized files now loaded: 0)
System memory in use before: 132.7 MB.
System memory in use after: 132.9 MB.

Unloading 9 unused Assets to reduce memory usage. Loaded Objects now: 3456.
Total: 3.357500 ms (FindLiveObjects: 0.622400 ms CreateObjectMapping: 0.146500 ms MarkObjects: 2.570000 ms  DeleteObjects: 0.017700 ms)

========================================================================
Received Prepare
Registering precompiled user dll's ...
Registered in 0.002561 seconds.
Begin MonoManager ReloadAssembly
Native extension for WindowsStandalone target not found
Refreshing native plugins compatible for Editor in 0.76 ms, found 1 plugins.
Preloading 0 native plugins for Editor in 0.00 ms.
Mono: successfully reloaded assembly
- Completed reload, in  1.016 seconds
Platform modules already initialized, skipping
Shader 'Universal Render Pipeline/Particles/Lit': fallback shader 'Universal Render Pipeline/Particles/SimpleLit' not found
Refreshing native plugins compatible for Editor in 0.77 ms, found 1 plugins.
Preloading 0 native plugins for Editor in 0.00 ms.
Unloading 2850 Unused Serialized files (Serialized files now loaded: 0)
System memory in use before: 132.7 MB.
System memory in use after: 133.0 MB.

Unloading 9 unused Assets to reduce memory usage. Loaded Objects now: 3459.
Total: 2.353600 ms (FindLiveObjects: 0.261200 ms CreateObjectMapping: 0.128900 ms MarkObjects: 1.946900 ms  DeleteObjects: 0.015700 ms)

========================================================================
Received Prepare
Registering precompiled user dll's ...
Registered in 0.002418 seconds.
Begin MonoManager ReloadAssembly
Native extension for WindowsStandalone target not found
Refreshing native plugins compatible for Editor in 0.78 ms, found 1 plugins.
Preloading 0 native plugins for Editor in 0.00 ms.
Mono: successfully reloaded assembly
- Completed reload, in  1.031 seconds
Platform modules already initialized, skipping
Shader 'Universal Render Pipeline/Particles/Lit': fallback shader 'Universal Render Pipeline/Particles/SimpleLit' not found
Refreshing native plugins compatible for Editor in 0.74 ms, found 1 plugins.
Preloading 0 native plugins for Editor in 0.00 ms.
Unloading 2850 Unused Serialized files (Serialized files now loaded: 0)
System memory in use before: 132.7 MB.
System memory in use after: 133.0 MB.

Unloading 9 unused Assets to reduce memory usage. Loaded Objects now: 3462.
Total: 2.380900 ms (FindLiveObjects: 0.260100 ms CreateObjectMapping: 0.128800 ms MarkObjects: 1.974700 ms  DeleteObjects: 0.016500 ms)

========================================================================
Received Prepare
Registering precompiled user dll's ...
Registered in 0.002521 seconds.
Begin MonoManager ReloadAssembly
Native extension for WindowsStandalone target not found
Refreshing native plugins compatible for Editor in 0.75 ms, found 1 plugins.
Preloading 0 native plugins for Editor in 0.00 ms.
Mono: successfully reloaded assembly
- Completed reload, in  1.009 seconds
Platform modules already initialized, skipping
Shader 'Universal Render Pipeline/Particles/Lit': fallback shader 'Universal Render Pipeline/Particles/SimpleLit' not found
Refreshing native plugins compatible for Editor in 0.74 ms, found 1 plugins.
Preloading 0 native plugins for Editor in 0.00 ms.
Unloading 2850 Unused Serialized files (Serialized files now loaded: 0)
System memory in use before: 132.7 MB.
System memory in use after: 133.0 MB.

Unloading 9 unused Assets to reduce memory usage. Loaded Objects now: 3465.
Total: 2.402200 ms (FindLiveObjects: 0.278100 ms CreateObjectMapping: 0.131800 ms MarkObjects: 1.975200 ms  DeleteObjects: 0.016100 ms)

========================================================================
Received Prepare
Registering precompiled user dll's ...
Registered in 0.002498 seconds.
Begin MonoManager ReloadAssembly
Native extension for WindowsStandalone target not found
Refreshing native plugins compatible for Editor in 0.77 ms, found 1 plugins.
Preloading 0 native plugins for Editor in 0.00 ms.
Mono: successfully reloaded assembly
- Completed reload, in  1.024 seconds
Platform modules already initialized, skipping
Shader 'Universal Render Pipeline/Particles/Lit': fallback shader 'Universal Render Pipeline/Particles/SimpleLit' not found
Refreshing native plugins compatible for Editor in 0.77 ms, found 1 plugins.
Preloading 0 native plugins for Editor in 0.00 ms.
Unloading 2850 Unused Serialized files (Serialized files now loaded: 0)
System memory in use before: 132.8 MB.
System memory in use after: 133.0 MB.

Unloading 9 unused Assets to reduce memory usage. Loaded Objects now: 3468.
Total: 2.586800 ms (FindLiveObjects: 0.260400 ms CreateObjectMapping: 0.128400 ms MarkObjects: 2.179600 ms  DeleteObjects: 0.017600 ms)

========================================================================
Received Prepare
Registering precompiled user dll's ...
Registered in 0.002440 seconds.
Begin MonoManager ReloadAssembly
Native extension for WindowsStandalone target not found
Refreshing native plugins compatible for Editor in 0.77 ms, found 1 plugins.
Preloading 0 native plugins for Editor in 0.00 ms.
Mono: successfully reloaded assembly
- Completed reload, in  1.028 seconds
Platform modules already initialized, skipping
Shader 'Universal Render Pipeline/Particles/Lit': fallback shader 'Universal Render Pipeline/Particles/SimpleLit' not found
Refreshing native plugins compatible for Editor in 0.75 ms, found 1 plugins.
Preloading 0 native plugins for Editor in 0.00 ms.
Unloading 2850 Unused Serialized files (Serialized files now loaded: 0)
System memory in use before: 132.8 MB.
System memory in use after: 133.0 MB.

Unloading 9 unused Assets to reduce memory usage. Loaded Objects now: 3471.
Total: 2.509400 ms (FindLiveObjects: 0.262200 ms CreateObjectMapping: 0.133100 ms MarkObjects: 2.094100 ms  DeleteObjects: 0.018800 ms)

========================================================================
Received Prepare
Registering precompiled user dll's ...
Registered in 0.002433 seconds.
Begin MonoManager ReloadAssembly
Native extension for WindowsStandalone target not found
Refreshing native plugins compatible for Editor in 0.76 ms, found 1 plugins.
Preloading 0 native plugins for Editor in 0.00 ms.
Mono: successfully reloaded assembly
- Completed reload, in  1.024 seconds
Platform modules already initialized, skipping
Shader 'Universal Render Pipeline/Particles/Lit': fallback shader 'Universal Render Pipeline/Particles/SimpleLit' not found
Refreshing native plugins compatible for Editor in 0.74 ms, found 1 plugins.
Preloading 0 native plugins for Editor in 0.00 ms.
Unloading 2850 Unused Serialized files (Serialized files now loaded: 0)
System memory in use before: 132.8 MB.
System memory in use after: 133.0 MB.

Unloading 9 unused Assets to reduce memory usage. Loaded Objects now: 3474.
Total: 2.337100 ms (FindLiveObjects: 0.250000 ms CreateObjectMapping: 0.131100 ms MarkObjects: 1.939600 ms  DeleteObjects: 0.015600 ms)

========================================================================
Received Prepare
Registering precompiled user dll's ...
Registered in 0.002570 seconds.
Begin MonoManager ReloadAssembly
Native extension for WindowsStandalone target not found
Refreshing native plugins compatible for Editor in 0.76 ms, found 1 plugins.
Preloading 0 native plugins for Editor in 0.00 ms.
Mono: successfully reloaded assembly
- Completed reload, in  1.017 seconds
Platform modules already initialized, skipping
Shader 'Universal Render Pipeline/Particles/Lit': fallback shader 'Universal Render Pipeline/Particles/SimpleLit' not found
Refreshing native plugins compatible for Editor in 0.74 ms, found 1 plugins.
Preloading 0 native plugins for Editor in 0.00 ms.
Unloading 2850 Unused Serialized files (Serialized files now loaded: 0)
System memory in use before: 132.8 MB.
System memory in use after: 133.0 MB.

Unloading 9 unused Assets to reduce memory usage. Loaded Objects now: 3477.
Total: 2.406500 ms (FindLiveObjects: 0.259500 ms CreateObjectMapping: 0.128600 ms MarkObjects: 2.000400 ms  DeleteObjects: 0.017000 ms)

========================================================================
Received Prepare
Registering precompiled user dll's ...
Registered in 0.002721 seconds.
Begin MonoManager ReloadAssembly
Native extension for WindowsStandalone target not found
Refreshing native plugins compatible for Editor in 0.74 ms, found 1 plugins.
Preloading 0 native plugins for Editor in 0.00 ms.
Mono: successfully reloaded assembly
- Completed reload, in  1.027 seconds
Platform modules already initialized, skipping
Shader 'Universal Render Pipeline/Particles/Lit': fallback shader 'Universal Render Pipeline/Particles/SimpleLit' not found
Refreshing native plugins compatible for Editor in 0.75 ms, found 1 plugins.
Preloading 0 native plugins for Editor in 0.00 ms.
Unloading 2850 Unused Serialized files (Serialized files now loaded: 0)
System memory in use before: 132.8 MB.
System memory in use after: 133.0 MB.

Unloading 9 unused Assets to reduce memory usage. Loaded Objects now: 3480.
Total: 2.663800 ms (FindLiveObjects: 0.276400 ms CreateObjectMapping: 0.129700 ms MarkObjects: 2.238600 ms  DeleteObjects: 0.018000 ms)

========================================================================
Received Prepare
Registering precompiled user dll's ...
Registered in 0.002527 seconds.
Begin MonoManager ReloadAssembly
Native extension for WindowsStandalone target not found
Refreshing native plugins compatible for Editor in 0.78 ms, found 1 plugins.
Preloading 0 native plugins for Editor in 0.00 ms.
Mono: successfully reloaded assembly
- Completed reload, in  1.001 seconds
Platform modules already initialized, skipping
Shader 'Universal Render Pipeline/Particles/Lit': fallback shader 'Universal Render Pipeline/Particles/SimpleLit' not found
Refreshing native plugins compatible for Editor in 0.76 ms, found 1 plugins.
Preloading 0 native plugins for Editor in 0.00 ms.
Unloading 2850 Unused Serialized files (Serialized files now loaded: 0)
System memory in use before: 132.8 MB.
System memory in use after: 133.0 MB.

Unloading 9 unused Assets to reduce memory usage. Loaded Objects now: 3483.
Total: 3.423300 ms (FindLiveObjects: 0.512300 ms CreateObjectMapping: 0.214700 ms MarkObjects: 2.677900 ms  DeleteObjects: 0.017400 ms)

========================================================================
Received Prepare
Registering precompiled user dll's ...
Registered in 0.002989 seconds.
Begin MonoManager ReloadAssembly
Native extension for WindowsStandalone target not found
Refreshing native plugins compatible for Editor in 0.82 ms, found 1 plugins.
Preloading 0 native plugins for Editor in 0.00 ms.
Mono: successfully reloaded assembly
- Completed reload, in  1.025 seconds
Platform modules already initialized, skipping
Shader 'Universal Render Pipeline/Particles/Lit': fallback shader 'Universal Render Pipeline/Particles/SimpleLit' not found
Refreshing native plugins compatible for Editor in 0.74 ms, found 1 plugins.
Preloading 0 native plugins for Editor in 0.00 ms.
Unloading 2850 Unused Serialized files (Serialized files now loaded: 0)
System memory in use before: 132.8 MB.
System memory in use after: 133.0 MB.

Unloading 9 unused Assets to reduce memory usage. Loaded Objects now: 3486.
Total: 2.510900 ms (FindLiveObjects: 0.346700 ms CreateObjectMapping: 0.128600 ms MarkObjects: 2.018200 ms  DeleteObjects: 0.016300 ms)

========================================================================
Received Prepare
Registering precompiled user dll's ...
Registered in 0.002468 seconds.
Begin MonoManager ReloadAssembly
Native extension for WindowsStandalone target not found
Refreshing native plugins compatible for Editor in 0.79 ms, found 1 plugins.
Preloading 0 native plugins for Editor in 0.00 ms.
Mono: successfully reloaded assembly
- Completed reload, in  1.014 seconds
Platform modules already initialized, skipping
Shader 'Universal Render Pipeline/Particles/Lit': fallback shader 'Universal Render Pipeline/Particles/SimpleLit' not found
Refreshing native plugins compatible for Editor in 0.74 ms, found 1 plugins.
Preloading 0 native plugins for Editor in 0.00 ms.
Unloading 2850 Unused Serialized files (Serialized files now loaded: 0)
System memory in use before: 132.8 MB.
System memory in use after: 133.0 MB.

Unloading 9 unused Assets to reduce memory usage. Loaded Objects now: 3489.
Total: 4.340700 ms (FindLiveObjects: 0.308100 ms CreateObjectMapping: 0.151100 ms MarkObjects: 3.860900 ms  DeleteObjects: 0.019400 ms)

========================================================================
Received Prepare
Registering precompiled user dll's ...
Registered in 0.002434 seconds.
Begin MonoManager ReloadAssembly
Native extension for WindowsStandalone target not found
Refreshing native plugins compatible for Editor in 0.75 ms, found 1 plugins.
Preloading 0 native plugins for Editor in 0.00 ms.
Mono: successfully reloaded assembly
- Completed reload, in  1.018 seconds
Platform modules already initialized, skipping
Shader 'Universal Render Pipeline/Particles/Lit': fallback shader 'Universal Render Pipeline/Particles/SimpleLit' not found
Refreshing native plugins compatible for Editor in 0.74 ms, found 1 plugins.
Preloading 0 native plugins for Editor in 0.00 ms.
Unloading 2850 Unused Serialized files (Serialized files now loaded: 0)
System memory in use before: 132.8 MB.
System memory in use after: 133.0 MB.

Unloading 9 unused Assets to reduce memory usage. Loaded Objects now: 3492.
Total: 2.647500 ms (FindLiveObjects: 0.257700 ms CreateObjectMapping: 0.131700 ms MarkObjects: 2.238400 ms  DeleteObjects: 0.018500 ms)

========================================================================
Received Prepare
Registering precompiled user dll's ...
Registered in 0.002476 seconds.
Begin MonoManager ReloadAssembly
Native extension for WindowsStandalone target not found
Refreshing native plugins compatible for Editor in 0.76 ms, found 1 plugins.
Preloading 0 native plugins for Editor in 0.00 ms.
Mono: successfully reloaded assembly
- Completed reload, in  1.005 seconds
Platform modules already initialized, skipping
Shader 'Universal Render Pipeline/Particles/Lit': fallback shader 'Universal Render Pipeline/Particles/SimpleLit' not found
Refreshing native plugins compatible for Editor in 0.75 ms, found 1 plugins.
Preloading 0 native plugins for Editor in 0.00 ms.
Unloading 2850 Unused Serialized files (Serialized files now loaded: 0)
System memory in use before: 132.8 MB.
System memory in use after: 133.1 MB.

Unloading 9 unused Assets to reduce memory usage. Loaded Objects now: 3495.
Total: 3.162900 ms (FindLiveObjects: 0.501800 ms CreateObjectMapping: 0.224600 ms MarkObjects: 2.418500 ms  DeleteObjects: 0.016700 ms)

========================================================================
Received Prepare
Registering precompiled user dll's ...
Registered in 0.002353 seconds.
Begin MonoManager ReloadAssembly
Native extension for WindowsStandalone target not found
Refreshing native plugins compatible for Editor in 0.74 ms, found 1 plugins.
Preloading 0 native plugins for Editor in 0.00 ms.
Mono: successfully reloaded assembly
- Completed reload, in  1.012 seconds
Platform modules already initialized, skipping
Shader 'Universal Render Pipeline/Particles/Lit': fallback shader 'Universal Render Pipeline/Particles/SimpleLit' not found
Refreshing native plugins compatible for Editor in 0.73 ms, found 1 plugins.
Preloading 0 native plugins for Editor in 0.00 ms.
Unloading 2850 Unused Serialized files (Serialized files now loaded: 0)
System memory in use before: 132.8 MB.
System memory in use after: 133.1 MB.

Unloading 9 unused Assets to reduce memory usage. Loaded Objects now: 3498.
Total: 2.517900 ms (FindLiveObjects: 0.257700 ms CreateObjectMapping: 0.128400 ms MarkObjects: 2.114100 ms  DeleteObjects: 0.016700 ms)

AssetImportWorkerClient::OnTransportError - code=2 error=End of file
